  stdafx.cpp
  esShader.cpp
  esUtil.cpp
  esUtil_win.cpp
C:\Users\je_gi\Desktop\proiect gameloft\workshop-gameloft\NewTrainingFramework_2015\Utilities\esUtil_win.cpp(52,24): warning C4244: 'initializing': conversion from 'int' to 'float', possible loss of data
C:\Users\je_gi\Desktop\proiect gameloft\workshop-gameloft\NewTrainingFramework_2015\Utilities\esUtil_win.cpp(53,24): warning C4244: 'initializing': conversion from 'int' to 'float', possible loss of data
C:\Users\je_gi\Desktop\proiect gameloft\workshop-gameloft\NewTrainingFramework_2015\Utilities\esUtil_win.cpp(61,24): warning C4244: 'initializing': conversion from 'int' to 'float', possible loss of data
C:\Users\je_gi\Desktop\proiect gameloft\workshop-gameloft\NewTrainingFramework_2015\Utilities\esUtil_win.cpp(62,24): warning C4244: 'initializing': conversion from 'int' to 'float', possible loss of data
C:\Users\je_gi\Desktop\proiect gameloft\workshop-gameloft\NewTrainingFramework_2015\Utilities\esUtil_win.cpp(71,24): warning C4244: 'initializing': conversion from 'int' to 'float', possible loss of data
C:\Users\je_gi\Desktop\proiect gameloft\workshop-gameloft\NewTrainingFramework_2015\Utilities\esUtil_win.cpp(72,24): warning C4244: 'initializing': conversion from 'int' to 'float', possible loss of data
C:\Users\je_gi\Desktop\proiect gameloft\workshop-gameloft\NewTrainingFramework_2015\Utilities\esUtil_win.cpp(81,24): warning C4244: 'initializing': conversion from 'int' to 'float', possible loss of data
C:\Users\je_gi\Desktop\proiect gameloft\workshop-gameloft\NewTrainingFramework_2015\Utilities\esUtil_win.cpp(82,24): warning C4244: 'initializing': conversion from 'int' to 'float', possible loss of data
C:\Users\je_gi\Desktop\proiect gameloft\workshop-gameloft\NewTrainingFramework_2015\Utilities\esUtil_win.cpp(90,24): warning C4244: 'initializing': conversion from 'int' to 'float', possible loss of data
C:\Users\je_gi\Desktop\proiect gameloft\workshop-gameloft\NewTrainingFramework_2015\Utilities\esUtil_win.cpp(91,24): warning C4244: 'initializing': conversion from 'int' to 'float', possible loss of data
C:\Users\je_gi\Desktop\proiect gameloft\workshop-gameloft\NewTrainingFramework_2015\Utilities\esUtil_win.cpp(100,24): warning C4244: 'initializing': conversion from 'int' to 'float', possible loss of data
C:\Users\je_gi\Desktop\proiect gameloft\workshop-gameloft\NewTrainingFramework_2015\Utilities\esUtil_win.cpp(101,24): warning C4244: 'initializing': conversion from 'int' to 'float', possible loss of data
C:\Users\je_gi\Desktop\proiect gameloft\workshop-gameloft\NewTrainingFramework_2015\Utilities\esUtil_win.cpp(110,24): warning C4244: 'initializing': conversion from 'int' to 'float', possible loss of data
C:\Users\je_gi\Desktop\proiect gameloft\workshop-gameloft\NewTrainingFramework_2015\Utilities\esUtil_win.cpp(111,24): warning C4244: 'initializing': conversion from 'int' to 'float', possible loss of data
  Math.cpp
C:\Users\je_gi\Desktop\proiect gameloft\workshop-gameloft\NewTrainingFramework_2015\Utilities\Math.cpp(10,13): warning C4244: 'return': conversion from 'double' to 'GLfloat', possible loss of data
C:\Users\je_gi\Desktop\proiect gameloft\workshop-gameloft\NewTrainingFramework_2015\Utilities\Math.cpp(112,13): warning C4244: 'return': conversion from 'double' to 'GLfloat', possible loss of data
C:\Users\je_gi\Desktop\proiect gameloft\workshop-gameloft\NewTrainingFramework_2015\Utilities\Math.cpp(225,13): warning C4244: 'return': conversion from 'double' to 'GLfloat', possible loss of data
  TGA.cpp
C:\Program Files\Microsoft Visual Studio\2022\Community\MSBuild\Microsoft\VC\v170\Microsoft.CppBuild.targets(1573,5): warning MSB8012: TargetPath(C:\Users\je_gi\Desktop\proiect gameloft\workshop-gameloft\NewTrainingFramework_2015\BIN-Nvidia\Utilities.lib) does not match the Library's OutputFile property value (C:\Users\je_gi\Desktop\proiect gameloft\workshop-gameloft\NewTrainingFramework_2015\BIN-Nvidia\UtilitiesR.lib). This may cause your project to build incorrectly. To correct this, please make sure that $(OutDir), $(TargetName) and $(TargetExt) property values match the value specified in %(Lib.OutputFile).
C:\Program Files\Microsoft Visual Studio\2022\Community\MSBuild\Microsoft\VC\v170\Microsoft.CppBuild.targets(1575,5): warning MSB8012: TargetName(Utilities) does not match the Library's OutputFile property value (UtilitiesR). This may cause your project to build incorrectly. To correct this, please make sure that $(OutDir), $(TargetName) and $(TargetExt) property values match the value specified in %(Lib.OutputFile).
  Utilities.vcxproj -> C:\Users\je_gi\Desktop\proiect gameloft\workshop-gameloft\NewTrainingFramework_2015\BIN-Nvidia\Utilities.lib
