cl : command line  warning D9035: option 'Gm' has been deprecated and will be removed in a future release
  Managers.cpp
C:\Users\je_gi\Desktop\proiect gameloft\workshop-gameloft\NewTrainingFramework_2015\NewTrainingFramework\Managers.cpp(54,13): warning C4996: '_strlwr': This function or variable may be unsafe. Consider using _strlwr_s instead. To disable deprecation, use _CRT_SECURE_NO_WARNINGS. See online help for details.
C:\Users\je_gi\Desktop\proiect gameloft\workshop-gameloft\NewTrainingFramework_2015\NewTrainingFramework\Managers.cpp(67,13): warning C4996: '_strlwr': This function or variable may be unsafe. Consider using _strlwr_s instead. To disable deprecation, use _CRT_SECURE_NO_WARNINGS. See online help for details.
C:\Users\je_gi\Desktop\proiect gameloft\workshop-gameloft\NewTrainingFramework_2015\NewTrainingFramework\Managers.cpp(84,15): warning C4996: '_strlwr': This function or variable may be unsafe. Consider using _strlwr_s instead. To disable deprecation, use _CRT_SECURE_NO_WARNINGS. See online help for details.
C:\Users\je_gi\Desktop\proiect gameloft\workshop-gameloft\NewTrainingFramework_2015\NewTrainingFramework\Managers.cpp(87,16): warning C4996: '_strlwr': This function or variable may be unsafe. Consider using _strlwr_s instead. To disable deprecation, use _CRT_SECURE_NO_WARNINGS. See online help for details.
C:\Users\je_gi\Desktop\proiect gameloft\workshop-gameloft\NewTrainingFramework_2015\NewTrainingFramework\Managers.cpp(88,17): warning C4996: '_strlwr': This function or variable may be unsafe. Consider using _strlwr_s instead. To disable deprecation, use _CRT_SECURE_NO_WARNINGS. See online help for details.
C:\Users\je_gi\Desktop\proiect gameloft\workshop-gameloft\NewTrainingFramework_2015\NewTrainingFramework\Managers.cpp(94,17): warning C4996: '_strlwr': This function or variable may be unsafe. Consider using _strlwr_s instead. To disable deprecation, use _CRT_SECURE_NO_WARNINGS. See online help for details.
C:\Users\je_gi\Desktop\proiect gameloft\workshop-gameloft\NewTrainingFramework_2015\NewTrainingFramework\Managers.cpp(101,19): warning C4996: '_strlwr': This function or variable may be unsafe. Consider using _strlwr_s instead. To disable deprecation, use _CRT_SECURE_NO_WARNINGS. See online help for details.
C:\Users\je_gi\Desktop\proiect gameloft\workshop-gameloft\NewTrainingFramework_2015\NewTrainingFramework\Managers.cpp(104,20): warning C4996: '_strlwr': This function or variable may be unsafe. Consider using _strlwr_s instead. To disable deprecation, use _CRT_SECURE_NO_WARNINGS. See online help for details.
C:\Users\je_gi\Desktop\proiect gameloft\workshop-gameloft\NewTrainingFramework_2015\NewTrainingFramework\Managers.cpp(113,22): warning C4996: '_strupr': This function or variable may be unsafe. Consider using _strupr_s instead. To disable deprecation, use _CRT_SECURE_NO_WARNINGS. See online help for details.
C:\Users\je_gi\Desktop\proiect gameloft\workshop-gameloft\NewTrainingFramework_2015\NewTrainingFramework\Managers.cpp(140,21): warning C4996: '_strlwr': This function or variable may be unsafe. Consider using _strlwr_s instead. To disable deprecation, use _CRT_SECURE_NO_WARNINGS. See online help for details.
C:\Users\je_gi\Desktop\proiect gameloft\workshop-gameloft\NewTrainingFramework_2015\NewTrainingFramework\Managers.cpp(149,23): warning C4996: '_strupr': This function or variable may be unsafe. Consider using _strupr_s instead. To disable deprecation, use _CRT_SECURE_NO_WARNINGS. See online help for details.
C:\Users\je_gi\Desktop\proiect gameloft\workshop-gameloft\NewTrainingFramework_2015\NewTrainingFramework\Managers.cpp(176,22): warning C4996: '_strlwr': This function or variable may be unsafe. Consider using _strlwr_s instead. To disable deprecation, use _CRT_SECURE_NO_WARNINGS. See online help for details.
C:\Users\je_gi\Desktop\proiect gameloft\workshop-gameloft\NewTrainingFramework_2015\NewTrainingFramework\Managers.cpp(184,24): warning C4996: '_strupr': This function or variable may be unsafe. Consider using _strupr_s instead. To disable deprecation, use _CRT_SECURE_NO_WARNINGS. See online help for details.
C:\Users\je_gi\Desktop\proiect gameloft\workshop-gameloft\NewTrainingFramework_2015\NewTrainingFramework\Managers.cpp(208,23): warning C4996: '_strlwr': This function or variable may be unsafe. Consider using _strlwr_s instead. To disable deprecation, use _CRT_SECURE_NO_WARNINGS. See online help for details.
C:\Users\je_gi\Desktop\proiect gameloft\workshop-gameloft\NewTrainingFramework_2015\NewTrainingFramework\Managers.cpp(216,25): warning C4996: '_strupr': This function or variable may be unsafe. Consider using _strupr_s instead. To disable deprecation, use _CRT_SECURE_NO_WARNINGS. See online help for details.
C:\Users\je_gi\Desktop\proiect gameloft\workshop-gameloft\NewTrainingFramework_2015\NewTrainingFramework\Managers.cpp(242,17): warning C4996: '_strlwr': This function or variable may be unsafe. Consider using _strlwr_s instead. To disable deprecation, use _CRT_SECURE_NO_WARNINGS. See online help for details.
C:\Users\je_gi\Desktop\proiect gameloft\workshop-gameloft\NewTrainingFramework_2015\NewTrainingFramework\Managers.cpp(246,19): warning C4996: '_strlwr': This function or variable may be unsafe. Consider using _strlwr_s instead. To disable deprecation, use _CRT_SECURE_NO_WARNINGS. See online help for details.
C:\Users\je_gi\Desktop\proiect gameloft\workshop-gameloft\NewTrainingFramework_2015\NewTrainingFramework\Managers.cpp(249,20): warning C4996: '_strlwr': This function or variable may be unsafe. Consider using _strlwr_s instead. To disable deprecation, use _CRT_SECURE_NO_WARNINGS. See online help for details.
C:\Users\je_gi\Desktop\proiect gameloft\workshop-gameloft\NewTrainingFramework_2015\Utilities\rapidxml_utils.hpp(40,25): warning C4244: 'initializing': conversion from 'std::streamoff' to 'size_t', possible loss of data
C:\Users\je_gi\Desktop\proiect gameloft\workshop-gameloft\NewTrainingFramework_2015\Utilities\rapidxml_utils.hpp(28): message : while compiling class template member function 'rapidxml::file<char>::file(const char *)'
C:\Users\je_gi\Desktop\proiect gameloft\workshop-gameloft\NewTrainingFramework_2015\NewTrainingFramework\Managers.cpp(50): message : see reference to function template instantiation 'rapidxml::file<char>::file(const char *)' being compiled
C:\Users\je_gi\Desktop\proiect gameloft\workshop-gameloft\NewTrainingFramework_2015\NewTrainingFramework\Managers.cpp(50): message : see reference to class template instantiation 'rapidxml::file<char>' being compiled
  NewTrainingFramework.vcxproj -> C:\Users\je_gi\Desktop\proiect gameloft\workshop-gameloft\NewTrainingFramework_2015\BIN-Nvidia\NewTrainingFramework.exe
