  stdafx.cpp
  Camera.cpp
C:\Users\je_gi\Desktop\proiect gameloft\workshop-gameloft\NewTrainingFramework_2015\NewTrainingFramework\Camera.cpp(39,20): warning C4244: 'argument': conversion from 'int' to 'GLfloat', possible loss of data
C:\Users\je_gi\Desktop\proiect gameloft\workshop-gameloft\NewTrainingFramework_2015\NewTrainingFramework\Camera.cpp(48,20): warning C4244: 'argument': conversion from 'int' to 'GLfloat', possible loss of data
C:\Users\je_gi\Desktop\proiect gameloft\workshop-gameloft\NewTrainingFramework_2015\NewTrainingFramework\Camera.cpp(57,22): warning C4244: 'argument': conversion from 'int' to 'GLfloat', possible loss of data
  Managers.cpp
C:\Users\je_gi\Desktop\proiect gameloft\workshop-gameloft\NewTrainingFramework_2015\NewTrainingFramework\Managers.cpp(57,13): warning C4996: '_strlwr': This function or variable may be unsafe. Consider using _strlwr_s instead. To disable deprecation, use _CRT_SECURE_NO_WARNINGS. See online help for details.
C:\Users\je_gi\Desktop\proiect gameloft\workshop-gameloft\NewTrainingFramework_2015\NewTrainingFramework\Managers.cpp(70,13): warning C4996: '_strlwr': This function or variable may be unsafe. Consider using _strlwr_s instead. To disable deprecation, use _CRT_SECURE_NO_WARNINGS. See online help for details.
C:\Users\je_gi\Desktop\proiect gameloft\workshop-gameloft\NewTrainingFramework_2015\NewTrainingFramework\Managers.cpp(87,15): warning C4996: '_strlwr': This function or variable may be unsafe. Consider using _strlwr_s instead. To disable deprecation, use _CRT_SECURE_NO_WARNINGS. See online help for details.
C:\Users\je_gi\Desktop\proiect gameloft\workshop-gameloft\NewTrainingFramework_2015\NewTrainingFramework\Managers.cpp(90,16): warning C4996: '_strlwr': This function or variable may be unsafe. Consider using _strlwr_s instead. To disable deprecation, use _CRT_SECURE_NO_WARNINGS. See online help for details.
C:\Users\je_gi\Desktop\proiect gameloft\workshop-gameloft\NewTrainingFramework_2015\NewTrainingFramework\Managers.cpp(91,17): warning C4996: '_strlwr': This function or variable may be unsafe. Consider using _strlwr_s instead. To disable deprecation, use _CRT_SECURE_NO_WARNINGS. See online help for details.
C:\Users\je_gi\Desktop\proiect gameloft\workshop-gameloft\NewTrainingFramework_2015\NewTrainingFramework\Managers.cpp(97,17): warning C4996: '_strlwr': This function or variable may be unsafe. Consider using _strlwr_s instead. To disable deprecation, use _CRT_SECURE_NO_WARNINGS. See online help for details.
C:\Users\je_gi\Desktop\proiect gameloft\workshop-gameloft\NewTrainingFramework_2015\NewTrainingFramework\Managers.cpp(104,19): warning C4996: '_strlwr': This function or variable may be unsafe. Consider using _strlwr_s instead. To disable deprecation, use _CRT_SECURE_NO_WARNINGS. See online help for details.
C:\Users\je_gi\Desktop\proiect gameloft\workshop-gameloft\NewTrainingFramework_2015\NewTrainingFramework\Managers.cpp(107,20): warning C4996: '_strlwr': This function or variable may be unsafe. Consider using _strlwr_s instead. To disable deprecation, use _CRT_SECURE_NO_WARNINGS. See online help for details.
C:\Users\je_gi\Desktop\proiect gameloft\workshop-gameloft\NewTrainingFramework_2015\NewTrainingFramework\Managers.cpp(116,22): warning C4996: '_strupr': This function or variable may be unsafe. Consider using _strupr_s instead. To disable deprecation, use _CRT_SECURE_NO_WARNINGS. See online help for details.
C:\Users\je_gi\Desktop\proiect gameloft\workshop-gameloft\NewTrainingFramework_2015\NewTrainingFramework\Managers.cpp(143,21): warning C4996: '_strlwr': This function or variable may be unsafe. Consider using _strlwr_s instead. To disable deprecation, use _CRT_SECURE_NO_WARNINGS. See online help for details.
C:\Users\je_gi\Desktop\proiect gameloft\workshop-gameloft\NewTrainingFramework_2015\NewTrainingFramework\Managers.cpp(152,23): warning C4996: '_strupr': This function or variable may be unsafe. Consider using _strupr_s instead. To disable deprecation, use _CRT_SECURE_NO_WARNINGS. See online help for details.
C:\Users\je_gi\Desktop\proiect gameloft\workshop-gameloft\NewTrainingFramework_2015\NewTrainingFramework\Managers.cpp(179,22): warning C4996: '_strlwr': This function or variable may be unsafe. Consider using _strlwr_s instead. To disable deprecation, use _CRT_SECURE_NO_WARNINGS. See online help for details.
C:\Users\je_gi\Desktop\proiect gameloft\workshop-gameloft\NewTrainingFramework_2015\NewTrainingFramework\Managers.cpp(185,24): warning C4996: '_strupr': This function or variable may be unsafe. Consider using _strupr_s instead. To disable deprecation, use _CRT_SECURE_NO_WARNINGS. See online help for details.
C:\Users\je_gi\Desktop\proiect gameloft\workshop-gameloft\NewTrainingFramework_2015\NewTrainingFramework\Managers.cpp(203,23): warning C4996: '_strlwr': This function or variable may be unsafe. Consider using _strlwr_s instead. To disable deprecation, use _CRT_SECURE_NO_WARNINGS. See online help for details.
C:\Users\je_gi\Desktop\proiect gameloft\workshop-gameloft\NewTrainingFramework_2015\NewTrainingFramework\Managers.cpp(211,25): warning C4996: '_strupr': This function or variable may be unsafe. Consider using _strupr_s instead. To disable deprecation, use _CRT_SECURE_NO_WARNINGS. See online help for details.
C:\Users\je_gi\Desktop\proiect gameloft\workshop-gameloft\NewTrainingFramework_2015\NewTrainingFramework\Managers.cpp(231,17): warning C4996: '_strlwr': This function or variable may be unsafe. Consider using _strlwr_s instead. To disable deprecation, use _CRT_SECURE_NO_WARNINGS. See online help for details.
C:\Users\je_gi\Desktop\proiect gameloft\workshop-gameloft\NewTrainingFramework_2015\NewTrainingFramework\Managers.cpp(235,19): warning C4996: '_strlwr': This function or variable may be unsafe. Consider using _strlwr_s instead. To disable deprecation, use _CRT_SECURE_NO_WARNINGS. See online help for details.
C:\Users\je_gi\Desktop\proiect gameloft\workshop-gameloft\NewTrainingFramework_2015\NewTrainingFramework\Managers.cpp(238,20): warning C4996: '_strlwr': This function or variable may be unsafe. Consider using _strlwr_s instead. To disable deprecation, use _CRT_SECURE_NO_WARNINGS. See online help for details.
C:\Users\je_gi\Desktop\proiect gameloft\workshop-gameloft\NewTrainingFramework_2015\NewTrainingFramework\Managers.cpp(445,13): warning C4996: '_strlwr': This function or variable may be unsafe. Consider using _strlwr_s instead. To disable deprecation, use _CRT_SECURE_NO_WARNINGS. See online help for details.
C:\Users\je_gi\Desktop\proiect gameloft\workshop-gameloft\NewTrainingFramework_2015\NewTrainingFramework\Managers.cpp(454,13): warning C4996: '_strupr': This function or variable may be unsafe. Consider using _strupr_s instead. To disable deprecation, use _CRT_SECURE_NO_WARNINGS. See online help for details.
C:\Users\je_gi\Desktop\proiect gameloft\workshop-gameloft\NewTrainingFramework_2015\NewTrainingFramework\Managers.cpp(456,13): warning C4996: '_strupr': This function or variable may be unsafe. Consider using _strupr_s instead. To disable deprecation, use _CRT_SECURE_NO_WARNINGS. See online help for details.
C:\Users\je_gi\Desktop\proiect gameloft\workshop-gameloft\NewTrainingFramework_2015\NewTrainingFramework\Managers.cpp(458,13): warning C4996: '_strupr': This function or variable may be unsafe. Consider using _strupr_s instead. To disable deprecation, use _CRT_SECURE_NO_WARNINGS. See online help for details.
C:\Users\je_gi\Desktop\proiect gameloft\workshop-gameloft\NewTrainingFramework_2015\NewTrainingFramework\Managers.cpp(460,13): warning C4996: '_strupr': This function or variable may be unsafe. Consider using _strupr_s instead. To disable deprecation, use _CRT_SECURE_NO_WARNINGS. See online help for details.
C:\Users\je_gi\Desktop\proiect gameloft\workshop-gameloft\NewTrainingFramework_2015\NewTrainingFramework\Managers.cpp(462,13): warning C4996: '_strupr': This function or variable may be unsafe. Consider using _strupr_s instead. To disable deprecation, use _CRT_SECURE_NO_WARNINGS. See online help for details.
C:\Users\je_gi\Desktop\proiect gameloft\workshop-gameloft\NewTrainingFramework_2015\NewTrainingFramework\Managers.cpp(464,13): warning C4996: '_strupr': This function or variable may be unsafe. Consider using _strupr_s instead. To disable deprecation, use _CRT_SECURE_NO_WARNINGS. See online help for details.
C:\Users\je_gi\Desktop\proiect gameloft\workshop-gameloft\NewTrainingFramework_2015\NewTrainingFramework\Managers.cpp(466,13): warning C4996: '_strupr': This function or variable may be unsafe. Consider using _strupr_s instead. To disable deprecation, use _CRT_SECURE_NO_WARNINGS. See online help for details.
C:\Users\je_gi\Desktop\proiect gameloft\workshop-gameloft\NewTrainingFramework_2015\NewTrainingFramework\Managers.cpp(468,13): warning C4996: '_strupr': This function or variable may be unsafe. Consider using _strupr_s instead. To disable deprecation, use _CRT_SECURE_NO_WARNINGS. See online help for details.
C:\Users\je_gi\Desktop\proiect gameloft\workshop-gameloft\NewTrainingFramework_2015\NewTrainingFramework\Managers.cpp(470,13): warning C4996: '_strupr': This function or variable may be unsafe. Consider using _strupr_s instead. To disable deprecation, use _CRT_SECURE_NO_WARNINGS. See online help for details.
C:\Users\je_gi\Desktop\proiect gameloft\workshop-gameloft\NewTrainingFramework_2015\NewTrainingFramework\Managers.cpp(472,13): warning C4996: '_strupr': This function or variable may be unsafe. Consider using _strupr_s instead. To disable deprecation, use _CRT_SECURE_NO_WARNINGS. See online help for details.
C:\Users\je_gi\Desktop\proiect gameloft\workshop-gameloft\NewTrainingFramework_2015\NewTrainingFramework\Managers.cpp(474,13): warning C4996: '_strupr': This function or variable may be unsafe. Consider using _strupr_s instead. To disable deprecation, use _CRT_SECURE_NO_WARNINGS. See online help for details.
C:\Users\je_gi\Desktop\proiect gameloft\workshop-gameloft\NewTrainingFramework_2015\NewTrainingFramework\Managers.cpp(476,13): warning C4996: '_strupr': This function or variable may be unsafe. Consider using _strupr_s instead. To disable deprecation, use _CRT_SECURE_NO_WARNINGS. See online help for details.
C:\Users\je_gi\Desktop\proiect gameloft\workshop-gameloft\NewTrainingFramework_2015\NewTrainingFramework\Managers.cpp(478,13): warning C4996: '_strupr': This function or variable may be unsafe. Consider using _strupr_s instead. To disable deprecation, use _CRT_SECURE_NO_WARNINGS. See online help for details.
C:\Users\je_gi\Desktop\proiect gameloft\workshop-gameloft\NewTrainingFramework_2015\NewTrainingFramework\Managers.cpp(480,13): warning C4996: '_strupr': This function or variable may be unsafe. Consider using _strupr_s instead. To disable deprecation, use _CRT_SECURE_NO_WARNINGS. See online help for details.
C:\Users\je_gi\Desktop\proiect gameloft\workshop-gameloft\NewTrainingFramework_2015\NewTrainingFramework\Managers.cpp(482,13): warning C4996: '_strupr': This function or variable may be unsafe. Consider using _strupr_s instead. To disable deprecation, use _CRT_SECURE_NO_WARNINGS. See online help for details.
C:\Users\je_gi\Desktop\proiect gameloft\workshop-gameloft\NewTrainingFramework_2015\NewTrainingFramework\Managers.cpp(491,14): warning C4996: '_strupr': This function or variable may be unsafe. Consider using _strupr_s instead. To disable deprecation, use _CRT_SECURE_NO_WARNINGS. See online help for details.
C:\Users\je_gi\Desktop\proiect gameloft\workshop-gameloft\NewTrainingFramework_2015\NewTrainingFramework\Managers.cpp(499,14): warning C4996: '_strupr': This function or variable may be unsafe. Consider using _strupr_s instead. To disable deprecation, use _CRT_SECURE_NO_WARNINGS. See online help for details.
C:\Users\je_gi\Desktop\proiect gameloft\workshop-gameloft\NewTrainingFramework_2015\NewTrainingFramework\Managers.cpp(526,30): warning C4244: '=': conversion from 'double' to 'GLfloat', possible loss of data
C:\Users\je_gi\Desktop\proiect gameloft\workshop-gameloft\NewTrainingFramework_2015\NewTrainingFramework\Managers.cpp(529,31): warning C4244: '=': conversion from 'double' to 'GLfloat', possible loss of data
C:\Users\je_gi\Desktop\proiect gameloft\workshop-gameloft\NewTrainingFramework_2015\NewTrainingFramework\Managers.cpp(532,32): warning C4244: '=': conversion from 'double' to 'GLfloat', possible loss of data
C:\Users\je_gi\Desktop\proiect gameloft\workshop-gameloft\NewTrainingFramework_2015\NewTrainingFramework\Managers.cpp(535,33): warning C4244: '=': conversion from 'double' to 'GLfloat', possible loss of data
C:\Users\je_gi\Desktop\proiect gameloft\workshop-gameloft\NewTrainingFramework_2015\NewTrainingFramework\Managers.cpp(548,11): warning C4996: 'strcpy': This function or variable may be unsafe. Consider using strcpy_s instead. To disable deprecation, use _CRT_SECURE_NO_WARNINGS. See online help for details.
C:\Users\je_gi\Desktop\proiect gameloft\workshop-gameloft\NewTrainingFramework_2015\NewTrainingFramework\Managers.cpp(561,12): warning C4996: 'strcpy': This function or variable may be unsafe. Consider using strcpy_s instead. To disable deprecation, use _CRT_SECURE_NO_WARNINGS. See online help for details.
C:\Users\je_gi\Desktop\proiect gameloft\workshop-gameloft\NewTrainingFramework_2015\NewTrainingFramework\Managers.cpp(654,37): warning C4244: '=': conversion from 'double' to 'GLfloat', possible loss of data
C:\Users\je_gi\Desktop\proiect gameloft\workshop-gameloft\NewTrainingFramework_2015\NewTrainingFramework\Managers.cpp(657,38): warning C4244: '=': conversion from 'double' to 'GLfloat', possible loss of data
C:\Users\je_gi\Desktop\proiect gameloft\workshop-gameloft\NewTrainingFramework_2015\NewTrainingFramework\Managers.cpp(660,39): warning C4244: '=': conversion from 'double' to 'GLfloat', possible loss of data
C:\Users\je_gi\Desktop\proiect gameloft\workshop-gameloft\NewTrainingFramework_2015\NewTrainingFramework\Managers.cpp(667,36): warning C4244: '=': conversion from 'double' to 'GLfloat', possible loss of data
C:\Users\je_gi\Desktop\proiect gameloft\workshop-gameloft\NewTrainingFramework_2015\NewTrainingFramework\Managers.cpp(670,37): warning C4244: '=': conversion from 'double' to 'GLfloat', possible loss of data
C:\Users\je_gi\Desktop\proiect gameloft\workshop-gameloft\NewTrainingFramework_2015\NewTrainingFramework\Managers.cpp(673,38): warning C4244: '=': conversion from 'double' to 'GLfloat', possible loss of data
C:\Users\je_gi\Desktop\proiect gameloft\workshop-gameloft\NewTrainingFramework_2015\NewTrainingFramework\Managers.cpp(680,33): warning C4244: '=': conversion from 'double' to 'GLfloat', possible loss of data
C:\Users\je_gi\Desktop\proiect gameloft\workshop-gameloft\NewTrainingFramework_2015\NewTrainingFramework\Managers.cpp(683,34): warning C4244: '=': conversion from 'double' to 'GLfloat', possible loss of data
C:\Users\je_gi\Desktop\proiect gameloft\workshop-gameloft\NewTrainingFramework_2015\NewTrainingFramework\Managers.cpp(686,35): warning C4244: '=': conversion from 'double' to 'GLfloat', possible loss of data
C:\Users\je_gi\Desktop\proiect gameloft\workshop-gameloft\NewTrainingFramework_2015\NewTrainingFramework\Managers.cpp(691,37): warning C4244: '=': conversion from 'double' to 'GLfloat', possible loss of data
C:\Users\je_gi\Desktop\proiect gameloft\workshop-gameloft\NewTrainingFramework_2015\NewTrainingFramework\Managers.cpp(694,40): warning C4244: '=': conversion from 'double' to 'GLfloat', possible loss of data
C:\Users\je_gi\Desktop\proiect gameloft\workshop-gameloft\NewTrainingFramework_2015\NewTrainingFramework\Managers.cpp(697,57): warning C4244: '=': conversion from 'double' to 'GLfloat', possible loss of data
C:\Users\je_gi\Desktop\proiect gameloft\workshop-gameloft\NewTrainingFramework_2015\NewTrainingFramework\Managers.cpp(700,36): warning C4244: '=': conversion from 'double' to 'GLfloat', possible loss of data
C:\Users\je_gi\Desktop\proiect gameloft\workshop-gameloft\NewTrainingFramework_2015\NewTrainingFramework\Managers.cpp(703,36): warning C4244: '=': conversion from 'double' to 'GLfloat', possible loss of data
C:\Users\je_gi\Desktop\proiect gameloft\workshop-gameloft\NewTrainingFramework_2015\NewTrainingFramework\Managers.cpp(775,45): warning C4244: '=': conversion from 'double' to 'GLfloat', possible loss of data
C:\Users\je_gi\Desktop\proiect gameloft\workshop-gameloft\NewTrainingFramework_2015\NewTrainingFramework\Managers.cpp(778,46): warning C4244: '=': conversion from 'double' to 'GLfloat', possible loss of data
C:\Users\je_gi\Desktop\proiect gameloft\workshop-gameloft\NewTrainingFramework_2015\NewTrainingFramework\Managers.cpp(781,47): warning C4244: '=': conversion from 'double' to 'GLfloat', possible loss of data
C:\Users\je_gi\Desktop\proiect gameloft\workshop-gameloft\NewTrainingFramework_2015\NewTrainingFramework\Managers.cpp(788,46): warning C4244: '=': conversion from 'double' to 'GLfloat', possible loss of data
C:\Users\je_gi\Desktop\proiect gameloft\workshop-gameloft\NewTrainingFramework_2015\NewTrainingFramework\Managers.cpp(791,47): warning C4244: '=': conversion from 'double' to 'GLfloat', possible loss of data
C:\Users\je_gi\Desktop\proiect gameloft\workshop-gameloft\NewTrainingFramework_2015\NewTrainingFramework\Managers.cpp(794,48): warning C4244: '=': conversion from 'double' to 'GLfloat', possible loss of data
C:\Users\je_gi\Desktop\proiect gameloft\workshop-gameloft\NewTrainingFramework_2015\NewTrainingFramework\Managers.cpp(801,44): warning C4244: '=': conversion from 'double' to 'GLfloat', possible loss of data
C:\Users\je_gi\Desktop\proiect gameloft\workshop-gameloft\NewTrainingFramework_2015\NewTrainingFramework\Managers.cpp(804,45): warning C4244: '=': conversion from 'double' to 'GLfloat', possible loss of data
C:\Users\je_gi\Desktop\proiect gameloft\workshop-gameloft\NewTrainingFramework_2015\NewTrainingFramework\Managers.cpp(807,46): warning C4244: '=': conversion from 'double' to 'GLfloat', possible loss of data
C:\Users\je_gi\Desktop\proiect gameloft\workshop-gameloft\NewTrainingFramework_2015\NewTrainingFramework\Managers.cpp(817,46): warning C4244: '=': conversion from 'double' to 'GLfloat', possible loss of data
C:\Users\je_gi\Desktop\proiect gameloft\workshop-gameloft\NewTrainingFramework_2015\NewTrainingFramework\Managers.cpp(820,47): warning C4244: '=': conversion from 'double' to 'GLfloat', possible loss of data
C:\Users\je_gi\Desktop\proiect gameloft\workshop-gameloft\NewTrainingFramework_2015\NewTrainingFramework\Managers.cpp(823,48): warning C4244: '=': conversion from 'double' to 'GLfloat', possible loss of data
C:\Users\je_gi\Desktop\proiect gameloft\workshop-gameloft\NewTrainingFramework_2015\NewTrainingFramework\Managers.cpp(850,41): warning C4244: '=': conversion from 'double' to 'GLfloat', possible loss of data
C:\Users\je_gi\Desktop\proiect gameloft\workshop-gameloft\NewTrainingFramework_2015\NewTrainingFramework\Managers.cpp(853,42): warning C4244: '=': conversion from 'double' to 'GLfloat', possible loss of data
C:\Users\je_gi\Desktop\proiect gameloft\workshop-gameloft\NewTrainingFramework_2015\NewTrainingFramework\Managers.cpp(856,43): warning C4244: '=': conversion from 'double' to 'GLfloat', possible loss of data
C:\Users\je_gi\Desktop\proiect gameloft\workshop-gameloft\NewTrainingFramework_2015\NewTrainingFramework\Managers.cpp(863,42): warning C4244: '=': conversion from 'double' to 'GLfloat', possible loss of data
C:\Users\je_gi\Desktop\proiect gameloft\workshop-gameloft\NewTrainingFramework_2015\NewTrainingFramework\Managers.cpp(866,43): warning C4244: '=': conversion from 'double' to 'GLfloat', possible loss of data
C:\Users\je_gi\Desktop\proiect gameloft\workshop-gameloft\NewTrainingFramework_2015\NewTrainingFramework\Managers.cpp(869,44): warning C4244: '=': conversion from 'double' to 'GLfloat', possible loss of data
C:\Users\je_gi\Desktop\proiect gameloft\workshop-gameloft\NewTrainingFramework_2015\NewTrainingFramework\Managers.cpp(876,43): warning C4244: '=': conversion from 'double' to 'GLfloat', possible loss of data
C:\Users\je_gi\Desktop\proiect gameloft\workshop-gameloft\NewTrainingFramework_2015\NewTrainingFramework\Managers.cpp(879,44): warning C4244: '=': conversion from 'double' to 'GLfloat', possible loss of data
C:\Users\je_gi\Desktop\proiect gameloft\workshop-gameloft\NewTrainingFramework_2015\NewTrainingFramework\Managers.cpp(883,45): warning C4244: '=': conversion from 'double' to 'GLfloat', possible loss of data
C:\Users\je_gi\Desktop\proiect gameloft\workshop-gameloft\NewTrainingFramework_2015\NewTrainingFramework\Managers.cpp(894,42): warning C4244: '=': conversion from 'double' to 'GLfloat', possible loss of data
C:\Users\je_gi\Desktop\proiect gameloft\workshop-gameloft\NewTrainingFramework_2015\NewTrainingFramework\Managers.cpp(897,43): warning C4244: '=': conversion from 'double' to 'GLfloat', possible loss of data
C:\Users\je_gi\Desktop\proiect gameloft\workshop-gameloft\NewTrainingFramework_2015\NewTrainingFramework\Managers.cpp(900,44): warning C4244: '=': conversion from 'double' to 'GLfloat', possible loss of data
C:\Users\je_gi\Desktop\proiect gameloft\workshop-gameloft\NewTrainingFramework_2015\NewTrainingFramework\Managers.cpp(907,43): warning C4244: '=': conversion from 'double' to 'GLfloat', possible loss of data
C:\Users\je_gi\Desktop\proiect gameloft\workshop-gameloft\NewTrainingFramework_2015\NewTrainingFramework\Managers.cpp(910,44): warning C4244: '=': conversion from 'double' to 'GLfloat', possible loss of data
C:\Users\je_gi\Desktop\proiect gameloft\workshop-gameloft\NewTrainingFramework_2015\NewTrainingFramework\Managers.cpp(913,45): warning C4244: '=': conversion from 'double' to 'GLfloat', possible loss of data
C:\Users\je_gi\Desktop\proiect gameloft\workshop-gameloft\NewTrainingFramework_2015\NewTrainingFramework\Managers.cpp(920,44): warning C4244: '=': conversion from 'double' to 'GLfloat', possible loss of data
C:\Users\je_gi\Desktop\proiect gameloft\workshop-gameloft\NewTrainingFramework_2015\NewTrainingFramework\Managers.cpp(923,45): warning C4244: '=': conversion from 'double' to 'GLfloat', possible loss of data
C:\Users\je_gi\Desktop\proiect gameloft\workshop-gameloft\NewTrainingFramework_2015\NewTrainingFramework\Managers.cpp(926,46): warning C4244: '=': conversion from 'double' to 'GLfloat', possible loss of data
C:\Users\je_gi\Desktop\proiect gameloft\workshop-gameloft\NewTrainingFramework_2015\NewTrainingFramework\Managers.cpp(952,41): warning C4244: '=': conversion from 'double' to 'GLfloat', possible loss of data
C:\Users\je_gi\Desktop\proiect gameloft\workshop-gameloft\NewTrainingFramework_2015\NewTrainingFramework\Managers.cpp(955,42): warning C4244: '=': conversion from 'double' to 'GLfloat', possible loss of data
C:\Users\je_gi\Desktop\proiect gameloft\workshop-gameloft\NewTrainingFramework_2015\NewTrainingFramework\Managers.cpp(958,43): warning C4244: '=': conversion from 'double' to 'GLfloat', possible loss of data
C:\Users\je_gi\Desktop\proiect gameloft\workshop-gameloft\NewTrainingFramework_2015\NewTrainingFramework\Managers.cpp(965,45): warning C4244: '=': conversion from 'double' to 'float', possible loss of data
C:\Users\je_gi\Desktop\proiect gameloft\workshop-gameloft\NewTrainingFramework_2015\NewTrainingFramework\Managers.cpp(968,44): warning C4244: '=': conversion from 'double' to 'float', possible loss of data
C:\Users\je_gi\Desktop\proiect gameloft\workshop-gameloft\NewTrainingFramework_2015\NewTrainingFramework\Managers.cpp(507,14): warning C4996: '_strlwr': This function or variable may be unsafe. Consider using _strlwr_s instead. To disable deprecation, use _CRT_SECURE_NO_WARNINGS. See online help for details.
C:\Users\je_gi\Desktop\proiect gameloft\workshop-gameloft\NewTrainingFramework_2015\NewTrainingFramework\Managers.cpp(510,15): warning C4996: '_strlwr': This function or variable may be unsafe. Consider using _strlwr_s instead. To disable deprecation, use _CRT_SECURE_NO_WARNINGS. See online help for details.
C:\Users\je_gi\Desktop\proiect gameloft\workshop-gameloft\NewTrainingFramework_2015\NewTrainingFramework\Managers.cpp(512,17): warning C4996: '_strlwr': This function or variable may be unsafe. Consider using _strlwr_s instead. To disable deprecation, use _CRT_SECURE_NO_WARNINGS. See online help for details.
C:\Users\je_gi\Desktop\proiect gameloft\workshop-gameloft\NewTrainingFramework_2015\NewTrainingFramework\Managers.cpp(515,18): warning C4996: '_strlwr': This function or variable may be unsafe. Consider using _strlwr_s instead. To disable deprecation, use _CRT_SECURE_NO_WARNINGS. See online help for details.
C:\Users\je_gi\Desktop\proiect gameloft\workshop-gameloft\NewTrainingFramework_2015\NewTrainingFramework\Managers.cpp(518,19): warning C4996: '_strlwr': This function or variable may be unsafe. Consider using _strlwr_s instead. To disable deprecation, use _CRT_SECURE_NO_WARNINGS. See online help for details.
C:\Users\je_gi\Desktop\proiect gameloft\workshop-gameloft\NewTrainingFramework_2015\NewTrainingFramework\Managers.cpp(523,16): warning C4996: '_strlwr': This function or variable may be unsafe. Consider using _strlwr_s instead. To disable deprecation, use _CRT_SECURE_NO_WARNINGS. See online help for details.
C:\Users\je_gi\Desktop\proiect gameloft\workshop-gameloft\NewTrainingFramework_2015\NewTrainingFramework\Managers.cpp(525,18): warning C4996: '_strlwr': This function or variable may be unsafe. Consider using _strlwr_s instead. To disable deprecation, use _CRT_SECURE_NO_WARNINGS. See online help for details.
C:\Users\je_gi\Desktop\proiect gameloft\workshop-gameloft\NewTrainingFramework_2015\NewTrainingFramework\Managers.cpp(528,19): warning C4996: '_strlwr': This function or variable may be unsafe. Consider using _strlwr_s instead. To disable deprecation, use _CRT_SECURE_NO_WARNINGS. See online help for details.
C:\Users\je_gi\Desktop\proiect gameloft\workshop-gameloft\NewTrainingFramework_2015\NewTrainingFramework\Managers.cpp(531,20): warning C4996: '_strlwr': This function or variable may be unsafe. Consider using _strlwr_s instead. To disable deprecation, use _CRT_SECURE_NO_WARNINGS. See online help for details.
C:\Users\je_gi\Desktop\proiect gameloft\workshop-gameloft\NewTrainingFramework_2015\NewTrainingFramework\Managers.cpp(534,21): warning C4996: '_strlwr': This function or variable may be unsafe. Consider using _strlwr_s instead. To disable deprecation, use _CRT_SECURE_NO_WARNINGS. See online help for details.
C:\Users\je_gi\Desktop\proiect gameloft\workshop-gameloft\NewTrainingFramework_2015\NewTrainingFramework\Managers.cpp(539,17): warning C4996: '_strlwr': This function or variable may be unsafe. Consider using _strlwr_s instead. To disable deprecation, use _CRT_SECURE_NO_WARNINGS. See online help for details.
C:\Users\je_gi\Desktop\proiect gameloft\workshop-gameloft\NewTrainingFramework_2015\NewTrainingFramework\Managers.cpp(541,19): warning C4996: '_strlwr': This function or variable may be unsafe. Consider using _strlwr_s instead. To disable deprecation, use _CRT_SECURE_NO_WARNINGS. See online help for details.
C:\Users\je_gi\Desktop\proiect gameloft\workshop-gameloft\NewTrainingFramework_2015\NewTrainingFramework\Managers.cpp(546,21): warning C4996: '_strlwr': This function or variable may be unsafe. Consider using _strlwr_s instead. To disable deprecation, use _CRT_SECURE_NO_WARNINGS. See online help for details.
C:\Users\je_gi\Desktop\proiect gameloft\workshop-gameloft\NewTrainingFramework_2015\NewTrainingFramework\Managers.cpp(549,24): warning C4996: 'strtok': This function or variable may be unsafe. Consider using strtok_s instead. To disable deprecation, use _CRT_SECURE_NO_WARNINGS. See online help for details.
C:\Users\je_gi\Desktop\proiect gameloft\workshop-gameloft\NewTrainingFramework_2015\NewTrainingFramework\Managers.cpp(559,22): warning C4996: '_strlwr': This function or variable may be unsafe. Consider using _strlwr_s instead. To disable deprecation, use _CRT_SECURE_NO_WARNINGS. See online help for details.
C:\Users\je_gi\Desktop\proiect gameloft\workshop-gameloft\NewTrainingFramework_2015\NewTrainingFramework\Managers.cpp(562,25): warning C4996: 'strtok': This function or variable may be unsafe. Consider using strtok_s instead. To disable deprecation, use _CRT_SECURE_NO_WARNINGS. See online help for details.
C:\Users\je_gi\Desktop\proiect gameloft\workshop-gameloft\NewTrainingFramework_2015\NewTrainingFramework\Managers.cpp(631,18): warning C4996: '_strlwr': This function or variable may be unsafe. Consider using _strlwr_s instead. To disable deprecation, use _CRT_SECURE_NO_WARNINGS. See online help for details.
C:\Users\je_gi\Desktop\proiect gameloft\workshop-gameloft\NewTrainingFramework_2015\NewTrainingFramework\Managers.cpp(633,20): warning C4996: '_strlwr': This function or variable may be unsafe. Consider using _strlwr_s instead. To disable deprecation, use _CRT_SECURE_NO_WARNINGS. See online help for details.
C:\Users\je_gi\Desktop\proiect gameloft\workshop-gameloft\NewTrainingFramework_2015\NewTrainingFramework\Managers.cpp(637,22): warning C4996: '_strlwr': This function or variable may be unsafe. Consider using _strlwr_s instead. To disable deprecation, use _CRT_SECURE_NO_WARNINGS. See online help for details.
C:\Users\je_gi\Desktop\proiect gameloft\workshop-gameloft\NewTrainingFramework_2015\NewTrainingFramework\Managers.cpp(642,22): warning C4996: '_strlwr': This function or variable may be unsafe. Consider using _strlwr_s instead. To disable deprecation, use _CRT_SECURE_NO_WARNINGS. See online help for details.
C:\Users\je_gi\Desktop\proiect gameloft\workshop-gameloft\NewTrainingFramework_2015\NewTrainingFramework\Managers.cpp(643,23): warning C4996: '_strlwr': This function or variable may be unsafe. Consider using _strlwr_s instead. To disable deprecation, use _CRT_SECURE_NO_WARNINGS. See online help for details.
C:\Users\je_gi\Desktop\proiect gameloft\workshop-gameloft\NewTrainingFramework_2015\NewTrainingFramework\Managers.cpp(646,24): warning C4996: '_strlwr': This function or variable may be unsafe. Consider using _strlwr_s instead. To disable deprecation, use _CRT_SECURE_NO_WARNINGS. See online help for details.
C:\Users\je_gi\Desktop\proiect gameloft\workshop-gameloft\NewTrainingFramework_2015\NewTrainingFramework\Managers.cpp(651,23): warning C4996: '_strlwr': This function or variable may be unsafe. Consider using _strlwr_s instead. To disable deprecation, use _CRT_SECURE_NO_WARNINGS. See online help for details.
C:\Users\je_gi\Desktop\proiect gameloft\workshop-gameloft\NewTrainingFramework_2015\NewTrainingFramework\Managers.cpp(653,25): warning C4996: '_strlwr': This function or variable may be unsafe. Consider using _strlwr_s instead. To disable deprecation, use _CRT_SECURE_NO_WARNINGS. See online help for details.
C:\Users\je_gi\Desktop\proiect gameloft\workshop-gameloft\NewTrainingFramework_2015\NewTrainingFramework\Managers.cpp(656,26): warning C4996: '_strlwr': This function or variable may be unsafe. Consider using _strlwr_s instead. To disable deprecation, use _CRT_SECURE_NO_WARNINGS. See online help for details.
C:\Users\je_gi\Desktop\proiect gameloft\workshop-gameloft\NewTrainingFramework_2015\NewTrainingFramework\Managers.cpp(659,27): warning C4996: '_strlwr': This function or variable may be unsafe. Consider using _strlwr_s instead. To disable deprecation, use _CRT_SECURE_NO_WARNINGS. See online help for details.
C:\Users\je_gi\Desktop\proiect gameloft\workshop-gameloft\NewTrainingFramework_2015\NewTrainingFramework\Managers.cpp(664,24): warning C4996: '_strlwr': This function or variable may be unsafe. Consider using _strlwr_s instead. To disable deprecation, use _CRT_SECURE_NO_WARNINGS. See online help for details.
C:\Users\je_gi\Desktop\proiect gameloft\workshop-gameloft\NewTrainingFramework_2015\NewTrainingFramework\Managers.cpp(666,26): warning C4996: '_strlwr': This function or variable may be unsafe. Consider using _strlwr_s instead. To disable deprecation, use _CRT_SECURE_NO_WARNINGS. See online help for details.
C:\Users\je_gi\Desktop\proiect gameloft\workshop-gameloft\NewTrainingFramework_2015\NewTrainingFramework\Managers.cpp(669,27): warning C4996: '_strlwr': This function or variable may be unsafe. Consider using _strlwr_s instead. To disable deprecation, use _CRT_SECURE_NO_WARNINGS. See online help for details.
C:\Users\je_gi\Desktop\proiect gameloft\workshop-gameloft\NewTrainingFramework_2015\NewTrainingFramework\Managers.cpp(672,28): warning C4996: '_strlwr': This function or variable may be unsafe. Consider using _strlwr_s instead. To disable deprecation, use _CRT_SECURE_NO_WARNINGS. See online help for details.
C:\Users\je_gi\Desktop\proiect gameloft\workshop-gameloft\NewTrainingFramework_2015\NewTrainingFramework\Managers.cpp(677,25): warning C4996: '_strlwr': This function or variable may be unsafe. Consider using _strlwr_s instead. To disable deprecation, use _CRT_SECURE_NO_WARNINGS. See online help for details.
C:\Users\je_gi\Desktop\proiect gameloft\workshop-gameloft\NewTrainingFramework_2015\NewTrainingFramework\Managers.cpp(679,27): warning C4996: '_strlwr': This function or variable may be unsafe. Consider using _strlwr_s instead. To disable deprecation, use _CRT_SECURE_NO_WARNINGS. See online help for details.
C:\Users\je_gi\Desktop\proiect gameloft\workshop-gameloft\NewTrainingFramework_2015\NewTrainingFramework\Managers.cpp(682,28): warning C4996: '_strlwr': This function or variable may be unsafe. Consider using _strlwr_s instead. To disable deprecation, use _CRT_SECURE_NO_WARNINGS. See online help for details.
C:\Users\je_gi\Desktop\proiect gameloft\workshop-gameloft\NewTrainingFramework_2015\NewTrainingFramework\Managers.cpp(685,29): warning C4996: '_strlwr': This function or variable may be unsafe. Consider using _strlwr_s instead. To disable deprecation, use _CRT_SECURE_NO_WARNINGS. See online help for details.
C:\Users\je_gi\Desktop\proiect gameloft\workshop-gameloft\NewTrainingFramework_2015\NewTrainingFramework\Managers.cpp(690,26): warning C4996: '_strlwr': This function or variable may be unsafe. Consider using _strlwr_s instead. To disable deprecation, use _CRT_SECURE_NO_WARNINGS. See online help for details.
C:\Users\je_gi\Desktop\proiect gameloft\workshop-gameloft\NewTrainingFramework_2015\NewTrainingFramework\Managers.cpp(693,27): warning C4996: '_strlwr': This function or variable may be unsafe. Consider using _strlwr_s instead. To disable deprecation, use _CRT_SECURE_NO_WARNINGS. See online help for details.
C:\Users\je_gi\Desktop\proiect gameloft\workshop-gameloft\NewTrainingFramework_2015\NewTrainingFramework\Managers.cpp(696,28): warning C4996: '_strlwr': This function or variable may be unsafe. Consider using _strlwr_s instead. To disable deprecation, use _CRT_SECURE_NO_WARNINGS. See online help for details.
C:\Users\je_gi\Desktop\proiect gameloft\workshop-gameloft\NewTrainingFramework_2015\NewTrainingFramework\Managers.cpp(699,29): warning C4996: '_strlwr': This function or variable may be unsafe. Consider using _strlwr_s instead. To disable deprecation, use _CRT_SECURE_NO_WARNINGS. See online help for details.
C:\Users\je_gi\Desktop\proiect gameloft\workshop-gameloft\NewTrainingFramework_2015\NewTrainingFramework\Managers.cpp(702,30): warning C4996: '_strlwr': This function or variable may be unsafe. Consider using _strlwr_s instead. To disable deprecation, use _CRT_SECURE_NO_WARNINGS. See online help for details.
C:\Users\je_gi\Desktop\proiect gameloft\workshop-gameloft\NewTrainingFramework_2015\NewTrainingFramework\Managers.cpp(719,19): warning C4996: '_strlwr': This function or variable may be unsafe. Consider using _strlwr_s instead. To disable deprecation, use _CRT_SECURE_NO_WARNINGS. See online help for details.
C:\Users\je_gi\Desktop\proiect gameloft\workshop-gameloft\NewTrainingFramework_2015\NewTrainingFramework\Managers.cpp(726,20): warning C4996: '_strlwr': This function or variable may be unsafe. Consider using _strlwr_s instead. To disable deprecation, use _CRT_SECURE_NO_WARNINGS. See online help for details.
C:\Users\je_gi\Desktop\proiect gameloft\workshop-gameloft\NewTrainingFramework_2015\NewTrainingFramework\Managers.cpp(728,22): warning C4996: '_strlwr': This function or variable may be unsafe. Consider using _strlwr_s instead. To disable deprecation, use _CRT_SECURE_NO_WARNINGS. See online help for details.
C:\Users\je_gi\Desktop\proiect gameloft\workshop-gameloft\NewTrainingFramework_2015\NewTrainingFramework\Managers.cpp(733,24): warning C4996: '_strlwr': This function or variable may be unsafe. Consider using _strlwr_s instead. To disable deprecation, use _CRT_SECURE_NO_WARNINGS. See online help for details.
C:\Users\je_gi\Desktop\proiect gameloft\workshop-gameloft\NewTrainingFramework_2015\NewTrainingFramework\Managers.cpp(740,24): warning C4996: '_strlwr': This function or variable may be unsafe. Consider using _strlwr_s instead. To disable deprecation, use _CRT_SECURE_NO_WARNINGS. See online help for details.
C:\Users\je_gi\Desktop\proiect gameloft\workshop-gameloft\NewTrainingFramework_2015\NewTrainingFramework\Managers.cpp(741,25): warning C4996: '_strlwr': This function or variable may be unsafe. Consider using _strlwr_s instead. To disable deprecation, use _CRT_SECURE_NO_WARNINGS. See online help for details.
C:\Users\je_gi\Desktop\proiect gameloft\workshop-gameloft\NewTrainingFramework_2015\NewTrainingFramework\Managers.cpp(753,25): warning C4996: '_strlwr': This function or variable may be unsafe. Consider using _strlwr_s instead. To disable deprecation, use _CRT_SECURE_NO_WARNINGS. See online help for details.
C:\Users\je_gi\Desktop\proiect gameloft\workshop-gameloft\NewTrainingFramework_2015\NewTrainingFramework\Managers.cpp(758,26): warning C4996: '_strlwr': This function or variable may be unsafe. Consider using _strlwr_s instead. To disable deprecation, use _CRT_SECURE_NO_WARNINGS. See online help for details.
C:\Users\je_gi\Desktop\proiect gameloft\workshop-gameloft\NewTrainingFramework_2015\NewTrainingFramework\Managers.cpp(761,27): warning C4996: '_strlwr': This function or variable may be unsafe. Consider using _strlwr_s instead. To disable deprecation, use _CRT_SECURE_NO_WARNINGS. See online help for details.
C:\Users\je_gi\Desktop\proiect gameloft\workshop-gameloft\NewTrainingFramework_2015\NewTrainingFramework\Managers.cpp(763,29): warning C4996: '_strlwr': This function or variable may be unsafe. Consider using _strlwr_s instead. To disable deprecation, use _CRT_SECURE_NO_WARNINGS. See online help for details.
C:\Users\je_gi\Desktop\proiect gameloft\workshop-gameloft\NewTrainingFramework_2015\NewTrainingFramework\Managers.cpp(765,31): warning C4996: '_strlwr': This function or variable may be unsafe. Consider using _strlwr_s instead. To disable deprecation, use _CRT_SECURE_NO_WARNINGS. See online help for details.
C:\Users\je_gi\Desktop\proiect gameloft\workshop-gameloft\NewTrainingFramework_2015\NewTrainingFramework\Managers.cpp(772,28): warning C4996: '_strlwr': This function or variable may be unsafe. Consider using _strlwr_s instead. To disable deprecation, use _CRT_SECURE_NO_WARNINGS. See online help for details.
C:\Users\je_gi\Desktop\proiect gameloft\workshop-gameloft\NewTrainingFramework_2015\NewTrainingFramework\Managers.cpp(774,30): warning C4996: '_strlwr': This function or variable may be unsafe. Consider using _strlwr_s instead. To disable deprecation, use _CRT_SECURE_NO_WARNINGS. See online help for details.
C:\Users\je_gi\Desktop\proiect gameloft\workshop-gameloft\NewTrainingFramework_2015\NewTrainingFramework\Managers.cpp(777,31): warning C4996: '_strlwr': This function or variable may be unsafe. Consider using _strlwr_s instead. To disable deprecation, use _CRT_SECURE_NO_WARNINGS. See online help for details.
C:\Users\je_gi\Desktop\proiect gameloft\workshop-gameloft\NewTrainingFramework_2015\NewTrainingFramework\Managers.cpp(780,32): warning C4996: '_strlwr': This function or variable may be unsafe. Consider using _strlwr_s instead. To disable deprecation, use _CRT_SECURE_NO_WARNINGS. See online help for details.
C:\Users\je_gi\Desktop\proiect gameloft\workshop-gameloft\NewTrainingFramework_2015\NewTrainingFramework\Managers.cpp(785,29): warning C4996: '_strlwr': This function or variable may be unsafe. Consider using _strlwr_s instead. To disable deprecation, use _CRT_SECURE_NO_WARNINGS. See online help for details.
C:\Users\je_gi\Desktop\proiect gameloft\workshop-gameloft\NewTrainingFramework_2015\NewTrainingFramework\Managers.cpp(787,31): warning C4996: '_strlwr': This function or variable may be unsafe. Consider using _strlwr_s instead. To disable deprecation, use _CRT_SECURE_NO_WARNINGS. See online help for details.
C:\Users\je_gi\Desktop\proiect gameloft\workshop-gameloft\NewTrainingFramework_2015\NewTrainingFramework\Managers.cpp(790,32): warning C4996: '_strlwr': This function or variable may be unsafe. Consider using _strlwr_s instead. To disable deprecation, use _CRT_SECURE_NO_WARNINGS. See online help for details.
C:\Users\je_gi\Desktop\proiect gameloft\workshop-gameloft\NewTrainingFramework_2015\NewTrainingFramework\Managers.cpp(793,33): warning C4996: '_strlwr': This function or variable may be unsafe. Consider using _strlwr_s instead. To disable deprecation, use _CRT_SECURE_NO_WARNINGS. See online help for details.
C:\Users\je_gi\Desktop\proiect gameloft\workshop-gameloft\NewTrainingFramework_2015\NewTrainingFramework\Managers.cpp(798,30): warning C4996: '_strlwr': This function or variable may be unsafe. Consider using _strlwr_s instead. To disable deprecation, use _CRT_SECURE_NO_WARNINGS. See online help for details.
C:\Users\je_gi\Desktop\proiect gameloft\workshop-gameloft\NewTrainingFramework_2015\NewTrainingFramework\Managers.cpp(800,32): warning C4996: '_strlwr': This function or variable may be unsafe. Consider using _strlwr_s instead. To disable deprecation, use _CRT_SECURE_NO_WARNINGS. See online help for details.
C:\Users\je_gi\Desktop\proiect gameloft\workshop-gameloft\NewTrainingFramework_2015\NewTrainingFramework\Managers.cpp(803,33): warning C4996: '_strlwr': This function or variable may be unsafe. Consider using _strlwr_s instead. To disable deprecation, use _CRT_SECURE_NO_WARNINGS. See online help for details.
C:\Users\je_gi\Desktop\proiect gameloft\workshop-gameloft\NewTrainingFramework_2015\NewTrainingFramework\Managers.cpp(806,34): warning C4996: '_strlwr': This function or variable may be unsafe. Consider using _strlwr_s instead. To disable deprecation, use _CRT_SECURE_NO_WARNINGS. See online help for details.
C:\Users\je_gi\Desktop\proiect gameloft\workshop-gameloft\NewTrainingFramework_2015\NewTrainingFramework\Managers.cpp(811,31): warning C4996: '_strlwr': This function or variable may be unsafe. Consider using _strlwr_s instead. To disable deprecation, use _CRT_SECURE_NO_WARNINGS. See online help for details.
C:\Users\je_gi\Desktop\proiect gameloft\workshop-gameloft\NewTrainingFramework_2015\NewTrainingFramework\Managers.cpp(814,32): warning C4996: '_strlwr': This function or variable may be unsafe. Consider using _strlwr_s instead. To disable deprecation, use _CRT_SECURE_NO_WARNINGS. See online help for details.
C:\Users\je_gi\Desktop\proiect gameloft\workshop-gameloft\NewTrainingFramework_2015\NewTrainingFramework\Managers.cpp(816,34): warning C4996: '_strlwr': This function or variable may be unsafe. Consider using _strlwr_s instead. To disable deprecation, use _CRT_SECURE_NO_WARNINGS. See online help for details.
C:\Users\je_gi\Desktop\proiect gameloft\workshop-gameloft\NewTrainingFramework_2015\NewTrainingFramework\Managers.cpp(819,35): warning C4996: '_strlwr': This function or variable may be unsafe. Consider using _strlwr_s instead. To disable deprecation, use _CRT_SECURE_NO_WARNINGS. See online help for details.
C:\Users\je_gi\Desktop\proiect gameloft\workshop-gameloft\NewTrainingFramework_2015\NewTrainingFramework\Managers.cpp(822,36): warning C4996: '_strlwr': This function or variable may be unsafe. Consider using _strlwr_s instead. To disable deprecation, use _CRT_SECURE_NO_WARNINGS. See online help for details.
C:\Users\je_gi\Desktop\proiect gameloft\workshop-gameloft\NewTrainingFramework_2015\NewTrainingFramework\Managers.cpp(827,33): warning C4996: '_strlwr': This function or variable may be unsafe. Consider using _strlwr_s instead. To disable deprecation, use _CRT_SECURE_NO_WARNINGS. See online help for details.
C:\Users\je_gi\Desktop\proiect gameloft\workshop-gameloft\NewTrainingFramework_2015\NewTrainingFramework\Managers.cpp(828,34): warning C4996: '_strlwr': This function or variable may be unsafe. Consider using _strlwr_s instead. To disable deprecation, use _CRT_SECURE_NO_WARNINGS. See online help for details.
C:\Users\je_gi\Desktop\proiect gameloft\workshop-gameloft\NewTrainingFramework_2015\NewTrainingFramework\Managers.cpp(831,35): warning C4996: '_strlwr': This function or variable may be unsafe. Consider using _strlwr_s instead. To disable deprecation, use _CRT_SECURE_NO_WARNINGS. See online help for details.
C:\Users\je_gi\Desktop\proiect gameloft\workshop-gameloft\NewTrainingFramework_2015\NewTrainingFramework\Managers.cpp(843,21): warning C4996: '_strlwr': This function or variable may be unsafe. Consider using _strlwr_s instead. To disable deprecation, use _CRT_SECURE_NO_WARNINGS. See online help for details.
C:\Users\je_gi\Desktop\proiect gameloft\workshop-gameloft\NewTrainingFramework_2015\NewTrainingFramework\Managers.cpp(845,23): warning C4996: '_strlwr': This function or variable may be unsafe. Consider using _strlwr_s instead. To disable deprecation, use _CRT_SECURE_NO_WARNINGS. See online help for details.
C:\Users\je_gi\Desktop\proiect gameloft\workshop-gameloft\NewTrainingFramework_2015\NewTrainingFramework\Managers.cpp(847,25): warning C4996: '_strlwr': This function or variable may be unsafe. Consider using _strlwr_s instead. To disable deprecation, use _CRT_SECURE_NO_WARNINGS. See online help for details.
C:\Users\je_gi\Desktop\proiect gameloft\workshop-gameloft\NewTrainingFramework_2015\NewTrainingFramework\Managers.cpp(849,27): warning C4996: '_strlwr': This function or variable may be unsafe. Consider using _strlwr_s instead. To disable deprecation, use _CRT_SECURE_NO_WARNINGS. See online help for details.
C:\Users\je_gi\Desktop\proiect gameloft\workshop-gameloft\NewTrainingFramework_2015\NewTrainingFramework\Managers.cpp(852,28): warning C4996: '_strlwr': This function or variable may be unsafe. Consider using _strlwr_s instead. To disable deprecation, use _CRT_SECURE_NO_WARNINGS. See online help for details.
C:\Users\je_gi\Desktop\proiect gameloft\workshop-gameloft\NewTrainingFramework_2015\NewTrainingFramework\Managers.cpp(855,29): warning C4996: '_strlwr': This function or variable may be unsafe. Consider using _strlwr_s instead. To disable deprecation, use _CRT_SECURE_NO_WARNINGS. See online help for details.
C:\Users\je_gi\Desktop\proiect gameloft\workshop-gameloft\NewTrainingFramework_2015\NewTrainingFramework\Managers.cpp(860,26): warning C4996: '_strlwr': This function or variable may be unsafe. Consider using _strlwr_s instead. To disable deprecation, use _CRT_SECURE_NO_WARNINGS. See online help for details.
C:\Users\je_gi\Desktop\proiect gameloft\workshop-gameloft\NewTrainingFramework_2015\NewTrainingFramework\Managers.cpp(862,28): warning C4996: '_strlwr': This function or variable may be unsafe. Consider using _strlwr_s instead. To disable deprecation, use _CRT_SECURE_NO_WARNINGS. See online help for details.
C:\Users\je_gi\Desktop\proiect gameloft\workshop-gameloft\NewTrainingFramework_2015\NewTrainingFramework\Managers.cpp(865,29): warning C4996: '_strlwr': This function or variable may be unsafe. Consider using _strlwr_s instead. To disable deprecation, use _CRT_SECURE_NO_WARNINGS. See online help for details.
C:\Users\je_gi\Desktop\proiect gameloft\workshop-gameloft\NewTrainingFramework_2015\NewTrainingFramework\Managers.cpp(868,30): warning C4996: '_strlwr': This function or variable may be unsafe. Consider using _strlwr_s instead. To disable deprecation, use _CRT_SECURE_NO_WARNINGS. See online help for details.
C:\Users\je_gi\Desktop\proiect gameloft\workshop-gameloft\NewTrainingFramework_2015\NewTrainingFramework\Managers.cpp(873,27): warning C4996: '_strlwr': This function or variable may be unsafe. Consider using _strlwr_s instead. To disable deprecation, use _CRT_SECURE_NO_WARNINGS. See online help for details.
C:\Users\je_gi\Desktop\proiect gameloft\workshop-gameloft\NewTrainingFramework_2015\NewTrainingFramework\Managers.cpp(875,29): warning C4996: '_strlwr': This function or variable may be unsafe. Consider using _strlwr_s instead. To disable deprecation, use _CRT_SECURE_NO_WARNINGS. See online help for details.
C:\Users\je_gi\Desktop\proiect gameloft\workshop-gameloft\NewTrainingFramework_2015\NewTrainingFramework\Managers.cpp(878,30): warning C4996: '_strlwr': This function or variable may be unsafe. Consider using _strlwr_s instead. To disable deprecation, use _CRT_SECURE_NO_WARNINGS. See online help for details.
C:\Users\je_gi\Desktop\proiect gameloft\workshop-gameloft\NewTrainingFramework_2015\NewTrainingFramework\Managers.cpp(882,31): warning C4996: '_strlwr': This function or variable may be unsafe. Consider using _strlwr_s instead. To disable deprecation, use _CRT_SECURE_NO_WARNINGS. See online help for details.
C:\Users\je_gi\Desktop\proiect gameloft\workshop-gameloft\NewTrainingFramework_2015\NewTrainingFramework\Managers.cpp(889,24): warning C4996: '_strlwr': This function or variable may be unsafe. Consider using _strlwr_s instead. To disable deprecation, use _CRT_SECURE_NO_WARNINGS. See online help for details.
C:\Users\je_gi\Desktop\proiect gameloft\workshop-gameloft\NewTrainingFramework_2015\NewTrainingFramework\Managers.cpp(891,26): warning C4996: '_strlwr': This function or variable may be unsafe. Consider using _strlwr_s instead. To disable deprecation, use _CRT_SECURE_NO_WARNINGS. See online help for details.
C:\Users\je_gi\Desktop\proiect gameloft\workshop-gameloft\NewTrainingFramework_2015\NewTrainingFramework\Managers.cpp(893,28): warning C4996: '_strlwr': This function or variable may be unsafe. Consider using _strlwr_s instead. To disable deprecation, use _CRT_SECURE_NO_WARNINGS. See online help for details.
C:\Users\je_gi\Desktop\proiect gameloft\workshop-gameloft\NewTrainingFramework_2015\NewTrainingFramework\Managers.cpp(896,29): warning C4996: '_strlwr': This function or variable may be unsafe. Consider using _strlwr_s instead. To disable deprecation, use _CRT_SECURE_NO_WARNINGS. See online help for details.
C:\Users\je_gi\Desktop\proiect gameloft\workshop-gameloft\NewTrainingFramework_2015\NewTrainingFramework\Managers.cpp(899,30): warning C4996: '_strlwr': This function or variable may be unsafe. Consider using _strlwr_s instead. To disable deprecation, use _CRT_SECURE_NO_WARNINGS. See online help for details.
C:\Users\je_gi\Desktop\proiect gameloft\workshop-gameloft\NewTrainingFramework_2015\NewTrainingFramework\Managers.cpp(904,27): warning C4996: '_strlwr': This function or variable may be unsafe. Consider using _strlwr_s instead. To disable deprecation, use _CRT_SECURE_NO_WARNINGS. See online help for details.
C:\Users\je_gi\Desktop\proiect gameloft\workshop-gameloft\NewTrainingFramework_2015\NewTrainingFramework\Managers.cpp(906,29): warning C4996: '_strlwr': This function or variable may be unsafe. Consider using _strlwr_s instead. To disable deprecation, use _CRT_SECURE_NO_WARNINGS. See online help for details.
C:\Users\je_gi\Desktop\proiect gameloft\workshop-gameloft\NewTrainingFramework_2015\NewTrainingFramework\Managers.cpp(909,30): warning C4996: '_strlwr': This function or variable may be unsafe. Consider using _strlwr_s instead. To disable deprecation, use _CRT_SECURE_NO_WARNINGS. See online help for details.
C:\Users\je_gi\Desktop\proiect gameloft\workshop-gameloft\NewTrainingFramework_2015\NewTrainingFramework\Managers.cpp(912,31): warning C4996: '_strlwr': This function or variable may be unsafe. Consider using _strlwr_s instead. To disable deprecation, use _CRT_SECURE_NO_WARNINGS. See online help for details.
C:\Users\je_gi\Desktop\proiect gameloft\workshop-gameloft\NewTrainingFramework_2015\NewTrainingFramework\Managers.cpp(917,28): warning C4996: '_strlwr': This function or variable may be unsafe. Consider using _strlwr_s instead. To disable deprecation, use _CRT_SECURE_NO_WARNINGS. See online help for details.
C:\Users\je_gi\Desktop\proiect gameloft\workshop-gameloft\NewTrainingFramework_2015\NewTrainingFramework\Managers.cpp(919,30): warning C4996: '_strlwr': This function or variable may be unsafe. Consider using _strlwr_s instead. To disable deprecation, use _CRT_SECURE_NO_WARNINGS. See online help for details.
C:\Users\je_gi\Desktop\proiect gameloft\workshop-gameloft\NewTrainingFramework_2015\NewTrainingFramework\Managers.cpp(922,31): warning C4996: '_strlwr': This function or variable may be unsafe. Consider using _strlwr_s instead. To disable deprecation, use _CRT_SECURE_NO_WARNINGS. See online help for details.
C:\Users\je_gi\Desktop\proiect gameloft\workshop-gameloft\NewTrainingFramework_2015\NewTrainingFramework\Managers.cpp(925,32): warning C4996: '_strlwr': This function or variable may be unsafe. Consider using _strlwr_s instead. To disable deprecation, use _CRT_SECURE_NO_WARNINGS. See online help for details.
C:\Users\je_gi\Desktop\proiect gameloft\workshop-gameloft\NewTrainingFramework_2015\NewTrainingFramework\Managers.cpp(937,22): warning C4996: '_strlwr': This function or variable may be unsafe. Consider using _strlwr_s instead. To disable deprecation, use _CRT_SECURE_NO_WARNINGS. See online help for details.
C:\Users\je_gi\Desktop\proiect gameloft\workshop-gameloft\NewTrainingFramework_2015\NewTrainingFramework\Managers.cpp(939,24): warning C4996: '_strlwr': This function or variable may be unsafe. Consider using _strlwr_s instead. To disable deprecation, use _CRT_SECURE_NO_WARNINGS. See online help for details.
C:\Users\je_gi\Desktop\proiect gameloft\workshop-gameloft\NewTrainingFramework_2015\NewTrainingFramework\Managers.cpp(941,26): warning C4996: '_strlwr': This function or variable may be unsafe. Consider using _strlwr_s instead. To disable deprecation, use _CRT_SECURE_NO_WARNINGS. See online help for details.
C:\Users\je_gi\Desktop\proiect gameloft\workshop-gameloft\NewTrainingFramework_2015\NewTrainingFramework\Managers.cpp(942,27): warning C4996: '_strlwr': This function or variable may be unsafe. Consider using _strlwr_s instead. To disable deprecation, use _CRT_SECURE_NO_WARNINGS. See online help for details.
C:\Users\je_gi\Desktop\proiect gameloft\workshop-gameloft\NewTrainingFramework_2015\NewTrainingFramework\Managers.cpp(951,27): warning C4996: '_strlwr': This function or variable may be unsafe. Consider using _strlwr_s instead. To disable deprecation, use _CRT_SECURE_NO_WARNINGS. See online help for details.
C:\Users\je_gi\Desktop\proiect gameloft\workshop-gameloft\NewTrainingFramework_2015\NewTrainingFramework\Managers.cpp(954,28): warning C4996: '_strlwr': This function or variable may be unsafe. Consider using _strlwr_s instead. To disable deprecation, use _CRT_SECURE_NO_WARNINGS. See online help for details.
C:\Users\je_gi\Desktop\proiect gameloft\workshop-gameloft\NewTrainingFramework_2015\NewTrainingFramework\Managers.cpp(957,29): warning C4996: '_strlwr': This function or variable may be unsafe. Consider using _strlwr_s instead. To disable deprecation, use _CRT_SECURE_NO_WARNINGS. See online help for details.
C:\Users\je_gi\Desktop\proiect gameloft\workshop-gameloft\NewTrainingFramework_2015\NewTrainingFramework\Managers.cpp(962,25): warning C4996: '_strlwr': This function or variable may be unsafe. Consider using _strlwr_s instead. To disable deprecation, use _CRT_SECURE_NO_WARNINGS. See online help for details.
C:\Users\je_gi\Desktop\proiect gameloft\workshop-gameloft\NewTrainingFramework_2015\NewTrainingFramework\Managers.cpp(964,27): warning C4996: '_strlwr': This function or variable may be unsafe. Consider using _strlwr_s instead. To disable deprecation, use _CRT_SECURE_NO_WARNINGS. See online help for details.
C:\Users\je_gi\Desktop\proiect gameloft\workshop-gameloft\NewTrainingFramework_2015\NewTrainingFramework\Managers.cpp(967,28): warning C4996: '_strlwr': This function or variable may be unsafe. Consider using _strlwr_s instead. To disable deprecation, use _CRT_SECURE_NO_WARNINGS. See online help for details.
C:\Users\je_gi\Desktop\proiect gameloft\workshop-gameloft\NewTrainingFramework_2015\Utilities\rapidxml_utils.hpp(40,25): warning C4244: 'initializing': conversion from 'std::streamoff' to 'size_t', possible loss of data
C:\Users\je_gi\Desktop\proiect gameloft\workshop-gameloft\NewTrainingFramework_2015\Utilities\rapidxml_utils.hpp(28): message : while compiling class template member function 'rapidxml::file<char>::file(const char *)'
C:\Users\je_gi\Desktop\proiect gameloft\workshop-gameloft\NewTrainingFramework_2015\NewTrainingFramework\Managers.cpp(53): message : see reference to function template instantiation 'rapidxml::file<char>::file(const char *)' being compiled
C:\Users\je_gi\Desktop\proiect gameloft\workshop-gameloft\NewTrainingFramework_2015\NewTrainingFramework\Managers.cpp(53): message : see reference to class template instantiation 'rapidxml::file<char>' being compiled
  Model.cpp
C:\Users\je_gi\Desktop\proiect gameloft\workshop-gameloft\NewTrainingFramework_2015\NewTrainingFramework\Model.cpp(64,15): warning C4244: '=': conversion from 'double' to 'GLfloat', possible loss of data
C:\Users\je_gi\Desktop\proiect gameloft\workshop-gameloft\NewTrainingFramework_2015\NewTrainingFramework\Model.cpp(69,15): warning C4244: '=': conversion from 'double' to 'GLfloat', possible loss of data
C:\Users\je_gi\Desktop\proiect gameloft\workshop-gameloft\NewTrainingFramework_2015\NewTrainingFramework\Model.cpp(74,15): warning C4244: '=': conversion from 'double' to 'GLfloat', possible loss of data
C:\Users\je_gi\Desktop\proiect gameloft\workshop-gameloft\NewTrainingFramework_2015\NewTrainingFramework\Model.cpp(83,16): warning C4244: '=': conversion from 'double' to 'GLfloat', possible loss of data
C:\Users\je_gi\Desktop\proiect gameloft\workshop-gameloft\NewTrainingFramework_2015\NewTrainingFramework\Model.cpp(88,16): warning C4244: '=': conversion from 'double' to 'GLfloat', possible loss of data
C:\Users\je_gi\Desktop\proiect gameloft\workshop-gameloft\NewTrainingFramework_2015\NewTrainingFramework\Model.cpp(93,16): warning C4244: '=': conversion from 'double' to 'GLfloat', possible loss of data
C:\Users\je_gi\Desktop\proiect gameloft\workshop-gameloft\NewTrainingFramework_2015\NewTrainingFramework\Model.cpp(104,18): warning C4244: '=': conversion from 'double' to 'GLfloat', possible loss of data
C:\Users\je_gi\Desktop\proiect gameloft\workshop-gameloft\NewTrainingFramework_2015\NewTrainingFramework\Model.cpp(109,18): warning C4244: '=': conversion from 'double' to 'GLfloat', possible loss of data
C:\Users\je_gi\Desktop\proiect gameloft\workshop-gameloft\NewTrainingFramework_2015\NewTrainingFramework\Model.cpp(114,18): warning C4244: '=': conversion from 'double' to 'GLfloat', possible loss of data
C:\Users\je_gi\Desktop\proiect gameloft\workshop-gameloft\NewTrainingFramework_2015\NewTrainingFramework\Model.cpp(125,15): warning C4244: '=': conversion from 'double' to 'GLfloat', possible loss of data
C:\Users\je_gi\Desktop\proiect gameloft\workshop-gameloft\NewTrainingFramework_2015\NewTrainingFramework\Model.cpp(130,15): warning C4244: '=': conversion from 'double' to 'GLfloat', possible loss of data
C:\Users\je_gi\Desktop\proiect gameloft\workshop-gameloft\NewTrainingFramework_2015\NewTrainingFramework\Model.cpp(135,15): warning C4244: '=': conversion from 'double' to 'GLfloat', possible loss of data
C:\Users\je_gi\Desktop\proiect gameloft\workshop-gameloft\NewTrainingFramework_2015\NewTrainingFramework\Model.cpp(146,14): warning C4244: '=': conversion from 'double' to 'GLfloat', possible loss of data
C:\Users\je_gi\Desktop\proiect gameloft\workshop-gameloft\NewTrainingFramework_2015\NewTrainingFramework\Model.cpp(151,14): warning C4244: '=': conversion from 'double' to 'GLfloat', possible loss of data
C:\Users\je_gi\Desktop\proiect gameloft\workshop-gameloft\NewTrainingFramework_2015\NewTrainingFramework\Model.cpp(18,12): warning C4996: 'strtok': This function or variable may be unsafe. Consider using strtok_s instead. To disable deprecation, use _CRT_SECURE_NO_WARNINGS. See online help for details.
C:\Users\je_gi\Desktop\proiect gameloft\workshop-gameloft\NewTrainingFramework_2015\NewTrainingFramework\Model.cpp(19,28): warning C4996: 'strtok': This function or variable may be unsafe. Consider using strtok_s instead. To disable deprecation, use _CRT_SECURE_NO_WARNINGS. See online help for details.
C:\Users\je_gi\Desktop\proiect gameloft\workshop-gameloft\NewTrainingFramework_2015\NewTrainingFramework\Model.cpp(30,7): warning C4996: 'strtok': This function or variable may be unsafe. Consider using strtok_s instead. To disable deprecation, use _CRT_SECURE_NO_WARNINGS. See online help for details.
C:\Users\je_gi\Desktop\proiect gameloft\workshop-gameloft\NewTrainingFramework_2015\NewTrainingFramework\Model.cpp(34,8): warning C4996: 'strtok': This function or variable may be unsafe. Consider using strtok_s instead. To disable deprecation, use _CRT_SECURE_NO_WARNINGS. See online help for details.
C:\Users\je_gi\Desktop\proiect gameloft\workshop-gameloft\NewTrainingFramework_2015\NewTrainingFramework\Model.cpp(52,12): warning C4996: 'strtok': This function or variable may be unsafe. Consider using strtok_s instead. To disable deprecation, use _CRT_SECURE_NO_WARNINGS. See online help for details.
C:\Users\je_gi\Desktop\proiect gameloft\workshop-gameloft\NewTrainingFramework_2015\NewTrainingFramework\Model.cpp(61,7): warning C4996: 'strtok': This function or variable may be unsafe. Consider using strtok_s instead. To disable deprecation, use _CRT_SECURE_NO_WARNINGS. See online help for details.
C:\Users\je_gi\Desktop\proiect gameloft\workshop-gameloft\NewTrainingFramework_2015\NewTrainingFramework\Model.cpp(66,7): warning C4996: 'strtok': This function or variable may be unsafe. Consider using strtok_s instead. To disable deprecation, use _CRT_SECURE_NO_WARNINGS. See online help for details.
C:\Users\je_gi\Desktop\proiect gameloft\workshop-gameloft\NewTrainingFramework_2015\NewTrainingFramework\Model.cpp(71,7): warning C4996: 'strtok': This function or variable may be unsafe. Consider using strtok_s instead. To disable deprecation, use _CRT_SECURE_NO_WARNINGS. See online help for details.
C:\Users\je_gi\Desktop\proiect gameloft\workshop-gameloft\NewTrainingFramework_2015\NewTrainingFramework\Model.cpp(76,7): warning C4996: 'strtok': This function or variable may be unsafe. Consider using strtok_s instead. To disable deprecation, use _CRT_SECURE_NO_WARNINGS. See online help for details.
C:\Users\je_gi\Desktop\proiect gameloft\workshop-gameloft\NewTrainingFramework_2015\NewTrainingFramework\Model.cpp(80,7): warning C4996: 'strtok': This function or variable may be unsafe. Consider using strtok_s instead. To disable deprecation, use _CRT_SECURE_NO_WARNINGS. See online help for details.
C:\Users\je_gi\Desktop\proiect gameloft\workshop-gameloft\NewTrainingFramework_2015\NewTrainingFramework\Model.cpp(85,7): warning C4996: 'strtok': This function or variable may be unsafe. Consider using strtok_s instead. To disable deprecation, use _CRT_SECURE_NO_WARNINGS. See online help for details.
C:\Users\je_gi\Desktop\proiect gameloft\workshop-gameloft\NewTrainingFramework_2015\NewTrainingFramework\Model.cpp(90,7): warning C4996: 'strtok': This function or variable may be unsafe. Consider using strtok_s instead. To disable deprecation, use _CRT_SECURE_NO_WARNINGS. See online help for details.
C:\Users\je_gi\Desktop\proiect gameloft\workshop-gameloft\NewTrainingFramework_2015\NewTrainingFramework\Model.cpp(97,7): warning C4996: 'strtok': This function or variable may be unsafe. Consider using strtok_s instead. To disable deprecation, use _CRT_SECURE_NO_WARNINGS. See online help for details.
C:\Users\je_gi\Desktop\proiect gameloft\workshop-gameloft\NewTrainingFramework_2015\NewTrainingFramework\Model.cpp(101,7): warning C4996: 'strtok': This function or variable may be unsafe. Consider using strtok_s instead. To disable deprecation, use _CRT_SECURE_NO_WARNINGS. See online help for details.
C:\Users\je_gi\Desktop\proiect gameloft\workshop-gameloft\NewTrainingFramework_2015\NewTrainingFramework\Model.cpp(106,7): warning C4996: 'strtok': This function or variable may be unsafe. Consider using strtok_s instead. To disable deprecation, use _CRT_SECURE_NO_WARNINGS. See online help for details.
C:\Users\je_gi\Desktop\proiect gameloft\workshop-gameloft\NewTrainingFramework_2015\NewTrainingFramework\Model.cpp(111,7): warning C4996: 'strtok': This function or variable may be unsafe. Consider using strtok_s instead. To disable deprecation, use _CRT_SECURE_NO_WARNINGS. See online help for details.
C:\Users\je_gi\Desktop\proiect gameloft\workshop-gameloft\NewTrainingFramework_2015\NewTrainingFramework\Model.cpp(118,7): warning C4996: 'strtok': This function or variable may be unsafe. Consider using strtok_s instead. To disable deprecation, use _CRT_SECURE_NO_WARNINGS. See online help for details.
C:\Users\je_gi\Desktop\proiect gameloft\workshop-gameloft\NewTrainingFramework_2015\NewTrainingFramework\Model.cpp(122,7): warning C4996: 'strtok': This function or variable may be unsafe. Consider using strtok_s instead. To disable deprecation, use _CRT_SECURE_NO_WARNINGS. See online help for details.
C:\Users\je_gi\Desktop\proiect gameloft\workshop-gameloft\NewTrainingFramework_2015\NewTrainingFramework\Model.cpp(127,7): warning C4996: 'strtok': This function or variable may be unsafe. Consider using strtok_s instead. To disable deprecation, use _CRT_SECURE_NO_WARNINGS. See online help for details.
C:\Users\je_gi\Desktop\proiect gameloft\workshop-gameloft\NewTrainingFramework_2015\NewTrainingFramework\Model.cpp(132,7): warning C4996: 'strtok': This function or variable may be unsafe. Consider using strtok_s instead. To disable deprecation, use _CRT_SECURE_NO_WARNINGS. See online help for details.
C:\Users\je_gi\Desktop\proiect gameloft\workshop-gameloft\NewTrainingFramework_2015\NewTrainingFramework\Model.cpp(139,7): warning C4996: 'strtok': This function or variable may be unsafe. Consider using strtok_s instead. To disable deprecation, use _CRT_SECURE_NO_WARNINGS. See online help for details.
C:\Users\je_gi\Desktop\proiect gameloft\workshop-gameloft\NewTrainingFramework_2015\NewTrainingFramework\Model.cpp(143,7): warning C4996: 'strtok': This function or variable may be unsafe. Consider using strtok_s instead. To disable deprecation, use _CRT_SECURE_NO_WARNINGS. See online help for details.
C:\Users\je_gi\Desktop\proiect gameloft\workshop-gameloft\NewTrainingFramework_2015\NewTrainingFramework\Model.cpp(148,7): warning C4996: 'strtok': This function or variable may be unsafe. Consider using strtok_s instead. To disable deprecation, use _CRT_SECURE_NO_WARNINGS. See online help for details.
C:\Users\je_gi\Desktop\proiect gameloft\workshop-gameloft\NewTrainingFramework_2015\NewTrainingFramework\Model.cpp(162,6): warning C4996: 'strtok': This function or variable may be unsafe. Consider using strtok_s instead. To disable deprecation, use _CRT_SECURE_NO_WARNINGS. See online help for details.
C:\Users\je_gi\Desktop\proiect gameloft\workshop-gameloft\NewTrainingFramework_2015\NewTrainingFramework\Model.cpp(163,6): warning C4996: 'strtok': This function or variable may be unsafe. Consider using strtok_s instead. To disable deprecation, use _CRT_SECURE_NO_WARNINGS. See online help for details.
C:\Users\je_gi\Desktop\proiect gameloft\workshop-gameloft\NewTrainingFramework_2015\NewTrainingFramework\Model.cpp(168,7): warning C4996: 'strtok': This function or variable may be unsafe. Consider using strtok_s instead. To disable deprecation, use _CRT_SECURE_NO_WARNINGS. See online help for details.
C:\Users\je_gi\Desktop\proiect gameloft\workshop-gameloft\NewTrainingFramework_2015\NewTrainingFramework\Model.cpp(171,7): warning C4996: 'strtok': This function or variable may be unsafe. Consider using strtok_s instead. To disable deprecation, use _CRT_SECURE_NO_WARNINGS. See online help for details.
C:\Users\je_gi\Desktop\proiect gameloft\workshop-gameloft\NewTrainingFramework_2015\NewTrainingFramework\Model.cpp(175,7): warning C4996: 'strtok': This function or variable may be unsafe. Consider using strtok_s instead. To disable deprecation, use _CRT_SECURE_NO_WARNINGS. See online help for details.
C:\Users\je_gi\Desktop\proiect gameloft\workshop-gameloft\NewTrainingFramework_2015\NewTrainingFramework\Model.cpp(178,7): warning C4996: 'strtok': This function or variable may be unsafe. Consider using strtok_s instead. To disable deprecation, use _CRT_SECURE_NO_WARNINGS. See online help for details.
  NewTrainingFramework.cpp
  Shaders.cpp
C:\Users\je_gi\Desktop\proiect gameloft\workshop-gameloft\NewTrainingFramework_2015\NewTrainingFramework\Shaders.cpp(73,2): warning C4996: 'strcpy': This function or variable may be unsafe. Consider using strcpy_s instead. To disable deprecation, use _CRT_SECURE_NO_WARNINGS. See online help for details.
C:\Users\je_gi\Desktop\proiect gameloft\workshop-gameloft\NewTrainingFramework_2015\NewTrainingFramework\Shaders.cpp(74,2): warning C4996: 'strcpy': This function or variable may be unsafe. Consider using strcpy_s instead. To disable deprecation, use _CRT_SECURE_NO_WARNINGS. See online help for details.
  Generating code
  Previous IPDB not found, fall back to full compilation.
C:\Users\je_gi\Desktop\proiect gameloft\workshop-gameloft\NewTrainingFramework_2015\NewTrainingFramework\Shaders.cpp(10): warning C4715: 'Shader::Init': not all control paths return a value
  All 1632 functions were compiled because no usable IPDB/IOBJ from previous compilation was found.
  Finished generating code
  NewTrainingFramework.vcxproj -> C:\Users\je_gi\Desktop\proiect gameloft\workshop-gameloft\NewTrainingFramework_2015\BIN-Nvidia\NewTrainingFramework.exe
